<?xml version="1.0" encoding="UTF-8"?>
<testng-results skipped="0" failed="0" ignored="0" total="1" passed="1">
  <reporter-output>
  </reporter-output>
  <suite name="Default suite" duration-ms="75244" started-at="2020-09-24T07:34:22Z" finished-at="2020-09-24T07:35:37Z">
    <groups>
    </groups>
    <test name="Default test" duration-ms="75244" started-at="2020-09-24T07:34:22Z" finished-at="2020-09-24T07:35:37Z">
      <class name="ndtvUIAutomation.NDTV">
        <test-method status="PASS" signature="UIandAPIComparator()[pri:0, instance:ndtvUIAutomation.NDTV@a67c67e]" name="UIandAPIComparator" duration-ms="75200" started-at="2020-09-24T13:04:22Z" finished-at="2020-09-24T13:05:37Z">
          <reporter-output>
          </reporter-output>
        </test-method> <!-- UIandAPIComparator -->
      </class> <!-- ndtvUIAutomation.NDTV -->
    </test> <!-- Default test -->
  </suite> <!-- Default suite -->
</testng-results>
